Using pre-set license
Built from '2020.3/release' branch; Version is '2020.3.44f1 (7f159b6136da) revision 8328603'; Using compiler version '192528614'; Build Type 'Release'
OS: 'Windows 11  (10.0.22621) 64bit Core' Language: 'en' Physical Memory: 16231 MB
BatchMode: 1, IsHumanControllingUs: 0, StartBugReporterOnCrash: 0, Is64bit: 1, IsPro: 0

COMMAND LINE ARGUMENTS:
C:\Program Files\Unity 2020.3.44f1\Editor\Unity.exe
-adb2
-batchMode
-noUpm
-name
AssetImportWorker0
-projectPath
C:/Users/weeny/OneDrive/Desktop/quiz repo/blake-terrisn-quiz/euquiz
-logFile
Logs/AssetImportWorker0.log
-srvPort
61767
Successfully changed project path to: C:/Users/weeny/OneDrive/Desktop/quiz repo/blake-terrisn-quiz/euquiz
C:/Users/weeny/OneDrive/Desktop/quiz repo/blake-terrisn-quiz/euquiz
Using Asset Import Pipeline V2.
Player connection [8256] Host "[IP] 10.53.35.188 [Port] 3221440672 [Flags] 2 [Guid] 622288300 [EditorId] 622288300 [Version] 1048832 [Id] WindowsEditor(7,LAPTOP-CLPF250P) [Debug] 1 [PackageName] WindowsEditor [ProjectName] Editor" joined multi-casting on [225.0.0.222:54997]...

Player connection [8256] Host "[IP] 10.53.35.188 [Port] 3221440672 [Flags] 2 [Guid] 622288300 [EditorId] 622288300 [Version] 1048832 [Id] WindowsEditor(7,LAPTOP-CLPF250P) [Debug] 1 [PackageName] WindowsEditor [ProjectName] Editor" joined alternative multi-casting on [225.0.0.222:34997]...

Refreshing native plugins compatible for Editor in 48.51 ms, found 2 plugins.
Preloading 0 native plugins for Editor in 0.00 ms.
Initialize engine version: 2020.3.44f1 (7f159b6136da)
[Subsystems] Discovering subsystems at path C:/Program Files/Unity 2020.3.44f1/Editor/Data/Resources/UnitySubsystems
[Subsystems] Discovering subsystems at path C:/Users/weeny/OneDrive/Desktop/quiz repo/blake-terrisn-quiz/euquiz/Assets
GfxDevice: creating device client; threaded=0
Direct3D:
    Version:  Direct3D 11.0 [level 11.1]
    Renderer: NVIDIA GeForce GTX 1660 Ti (ID=0x2191)
    Vendor:   
    VRAM:     5991 MB
    Driver:   30.0.14.7141
Initialize mono
Mono path[0] = 'C:/Program Files/Unity 2020.3.44f1/Editor/Data/Managed'
Mono path[1] = 'C:/Program Files/Unity 2020.3.44f1/Editor/Data/MonoBleedingEdge/lib/mono/unityjit'
Mono config path = 'C:/Program Files/Unity 2020.3.44f1/Editor/Data/MonoBleedingEdge/etc'
Using monoOptions --debugger-agent=transport=dt_socket,embedding=1,server=y,suspend=n,address=127.0.0.1:56492
Begin MonoManager ReloadAssembly
Registering precompiled unity dll's ...
Register platform support module: C:/Program Files/Unity 2020.3.44f1/Editor/Data/PlaybackEngines/WindowsStandaloneSupport/UnityEditor.WindowsStandalone.Extensions.dll
Registered in 0.127067 seconds.
Native extension for WindowsStandalone target not found
Refreshing native plugins compatible for Editor in 50.82 ms, found 2 plugins.
Preloading 0 native plugins for Editor in 0.00 ms.
Mono: successfully reloaded assembly
- Completed reload, in  0.971 seconds
Domain Reload Profiling:
	ReloadAssembly (971ms)
		BeginReloadAssembly (90ms)
			ExecutionOrderSort (0ms)
			DisableScriptedObjects (0ms)
			BackupInstance (0ms)
			ReleaseScriptingObjects (0ms)
			CreateAndSetChildDomain (1ms)
		EndReloadAssembly (657ms)
			LoadAssemblies (87ms)
			RebuildTransferFunctionScriptingTraits (0ms)
			SetupTypeCache (238ms)
			ReleaseScriptCaches (0ms)
			RebuildScriptCaches (37ms)
			SetupLoadedEditorAssemblies (221ms)
				LogAssemblyErrors (0ms)
				InitializePlatformSupportModulesInManaged (6ms)
				SetLoadedEditorAssemblies (1ms)
				RefreshPlugins (51ms)
				BeforeProcessingInitializeOnLoad (19ms)
				ProcessInitializeOnLoadAttributes (109ms)
				ProcessInitializeOnLoadMethodAttributes (36ms)
				AfterProcessingInitializeOnLoad (0ms)
				EditorAssembliesLoaded (0ms)
			ExecutionOrderSort2 (0ms)
			AwakeInstancesAfterBackupRestoration (0ms)
Platform modules already initialized, skipping
Registering precompiled user dll's ...
Registered in 0.004922 seconds.
Begin MonoManager ReloadAssembly
Native extension for WindowsStandalone target not found
Refreshing native plugins compatible for Editor in 0.41 ms, found 2 plugins.
Preloading 0 native plugins for Editor in 0.00 ms.
Mono: successfully reloaded assembly
- Completed reload, in  2.519 seconds
Domain Reload Profiling:
	ReloadAssembly (2520ms)
		BeginReloadAssembly (188ms)
			ExecutionOrderSort (0ms)
			DisableScriptedObjects (6ms)
			BackupInstance (0ms)
			ReleaseScriptingObjects (0ms)
			CreateAndSetChildDomain (24ms)
		EndReloadAssembly (2253ms)
			LoadAssemblies (138ms)
			RebuildTransferFunctionScriptingTraits (0ms)
			SetupTypeCache (383ms)
			ReleaseScriptCaches (0ms)
			RebuildScriptCaches (68ms)
			SetupLoadedEditorAssemblies (1558ms)
				LogAssemblyErrors (0ms)
				InitializePlatformSupportModulesInManaged (7ms)
				SetLoadedEditorAssemblies (1ms)
				RefreshPlugins (0ms)
				BeforeProcessingInitializeOnLoad (106ms)
				ProcessInitializeOnLoadAttributes (283ms)
				ProcessInitializeOnLoadMethodAttributes (1152ms)
				AfterProcessingInitializeOnLoad (8ms)
				EditorAssembliesLoaded (0ms)
			ExecutionOrderSort2 (0ms)
			AwakeInstancesAfterBackupRestoration (2ms)
Platform modules already initialized, skipping
========================================================================
Worker process is ready to serve import requests
Launched and connected shader compiler UnityShaderCompiler.exe after 0.08 seconds
Refreshing native plugins compatible for Editor in 0.65 ms, found 2 plugins.
Preloading 0 native plugins for Editor in 0.00 ms.
Unloading 1505 Unused Serialized files (Serialized files now loaded: 0)
System memory in use before: 71.4 MB.
System memory in use after: 71.4 MB.

Unloading 17 unused Assets to reduce memory usage. Loaded Objects now: 1941.
Total: 10.045600 ms (FindLiveObjects: 0.290800 ms CreateObjectMapping: 0.119000 ms MarkObjects: 9.482300 ms  DeleteObjects: 0.151600 ms)

AssetImportParameters requested are different than current active one (requested -> active):
  custom:framework-win-MediaFoundation: 216162199b28c13a410421893ffa2e32 -> 
  custom:video-decoder-ogg-theora: a1e56fd34408186e4bbccfd4996cb3dc -> 
  custom:container-muxer-webm: aa71ff27fc2769a1b78a27578f13a17b -> 
  custom:container-demuxer-webm: 4f35f7cbe854078d1ac9338744f61a02 -> 
  custom:container-demuxer-ogg: 62fdf1f143b41e24485cea50d1cbac27 -> 
  custom:video-encoder-webm-vp8: eb34c28f22e8b96e1ab97ce403110664 -> 
  custom:video-decoder-webm-vp8: 9c59270c3fd7afecdb556c50c9e8de78 -> 
  custom:audio-decoder-ogg-vorbis: bf7c407c2cedff20999df2af8eb42d56 -> 
  custom:audio-encoder-webm-vorbis: bf7c407c2cedff20999df2af8eb42d56 -> 
========================================================================
Received Import Request.
  path: Assets/New Terrain.asset
  artifactKey: Guid(675d55e52adae91489f1bbd491de5669) Importer(815301076,1909f56bfc062723c751e8b465ee728b)
Start importing Assets/New Terrain.asset using Guid(675d55e52adae91489f1bbd491de5669) Importer(815301076,1909f56bfc062723c751e8b465ee728b)  -> (artifact id: 'aa522426a5ac2a498e020e1db9f5aeb4') in 0.091356 seconds 
========================================================================
Received Import Request.
  Time since last request: 0.000254 seconds.
  path: Assets/Tree.prefab
  artifactKey: Guid(9e3a4e10830960443bde8cc6448a2b36) Importer(815301076,1909f56bfc062723c751e8b465ee728b)
Start importing Assets/Tree.prefab using Guid(9e3a4e10830960443bde8cc6448a2b36) Importer(815301076,1909f56bfc062723c751e8b465ee728b)  -> (artifact id: '049fe205515971c706da087fad779663') in 0.809738 seconds 
========================================================================
Received Import Request.
  Time since last request: 0.000286 seconds.
  path: Assets/New Terrain 1.asset
  artifactKey: Guid(bd8e6a3f9d0dbae4798202d01e4f259e) Importer(815301076,1909f56bfc062723c751e8b465ee728b)
Start importing Assets/New Terrain 1.asset using Guid(bd8e6a3f9d0dbae4798202d01e4f259e) Importer(815301076,1909f56bfc062723c751e8b465ee728b) Tree prefab at index 0 is missing.
 -> (artifact id: '84965c358deff250e73bc311c95d7b55') in 0.039951 seconds 
========================================================================
Received Import Request.
  Time since last request: 27.757632 seconds.
  path: Assets/Unity/ConstraintSamples/Scripts/mParent.cs
  artifactKey: Guid(f4d58356efc454b019542ba6f05cb9ea) Importer(815301076,1909f56bfc062723c751e8b465ee728b)
Start importing Assets/Unity/ConstraintSamples/Scripts/mParent.cs using Guid(f4d58356efc454b019542ba6f05cb9ea) Importer(815301076,1909f56bfc062723c751e8b465ee728b)  -> (artifact id: '6a89111015708a9b324eb7d40aab367f') in 0.017256 seconds 
========================================================================
Received Prepare
Registering precompiled user dll's ...
Registered in 0.004323 seconds.
Begin MonoManager ReloadAssembly
Native extension for WindowsStandalone target not found
Refreshing native plugins compatible for Editor in 0.38 ms, found 2 plugins.
Preloading 0 native plugins for Editor in 0.00 ms.
Mono: successfully reloaded assembly
- Completed reload, in  1.287 seconds
Domain Reload Profiling:
	ReloadAssembly (1288ms)
		BeginReloadAssembly (156ms)
			ExecutionOrderSort (0ms)
			DisableScriptedObjects (6ms)
			BackupInstance (0ms)
			ReleaseScriptingObjects (0ms)
			CreateAndSetChildDomain (47ms)
		EndReloadAssembly (1022ms)
			LoadAssemblies (137ms)
			RebuildTransferFunctionScriptingTraits (0ms)
			SetupTypeCache (382ms)
			ReleaseScriptCaches (1ms)
			RebuildScriptCaches (59ms)
			SetupLoadedEditorAssemblies (353ms)
				LogAssemblyErrors (0ms)
				InitializePlatformSupportModulesInManaged (5ms)
				SetLoadedEditorAssemblies (1ms)
				RefreshPlugins (0ms)
				BeforeProcessingInitializeOnLoad (82ms)
				ProcessInitializeOnLoadAttributes (240ms)
				ProcessInitializeOnLoadMethodAttributes (18ms)
				AfterProcessingInitializeOnLoad (7ms)
				EditorAssembliesLoaded (0ms)
			ExecutionOrderSort2 (0ms)
			AwakeInstancesAfterBackupRestoration (2ms)
Platform modules already initialized, skipping
Refreshing native plugins compatible for Editor in 0.73 ms, found 2 plugins.
Preloading 0 native plugins for Editor in 0.00 ms.
Unloading 1486 Unused Serialized files (Serialized files now loaded: 0)
System memory in use before: 74.9 MB.
System memory in use after: 74.5 MB.

Unloading 15 unused Assets to reduce memory usage. Loaded Objects now: 1994.
Total: 4.820700 ms (FindLiveObjects: 0.225700 ms CreateObjectMapping: 0.103200 ms MarkObjects: 3.484300 ms  DeleteObjects: 1.006200 ms)

AssetImportParameters requested are different than current active one (requested -> active):
  custom:framework-win-MediaFoundation: 216162199b28c13a410421893ffa2e32 -> 
  custom:video-decoder-ogg-theora: a1e56fd34408186e4bbccfd4996cb3dc -> 
  custom:container-muxer-webm: aa71ff27fc2769a1b78a27578f13a17b -> 
  custom:container-demuxer-webm: 4f35f7cbe854078d1ac9338744f61a02 -> 
  custom:container-demuxer-ogg: 62fdf1f143b41e24485cea50d1cbac27 -> 
  custom:video-encoder-webm-vp8: eb34c28f22e8b96e1ab97ce403110664 -> 
  custom:video-decoder-webm-vp8: 9c59270c3fd7afecdb556c50c9e8de78 -> 
  custom:audio-decoder-ogg-vorbis: bf7c407c2cedff20999df2af8eb42d56 -> 
  custom:audio-encoder-webm-vorbis: bf7c407c2cedff20999df2af8eb42d56 -> 
========================================================================
Received Import Request.
  Time since last request: 30.237407 seconds.
  path: Assets/euquiz.unity
  artifactKey: Guid(58ee727c766cf7f47b477c134a58092f) Importer(815301076,1909f56bfc062723c751e8b465ee728b)
Start importing Assets/euquiz.unity using Guid(58ee727c766cf7f47b477c134a58092f) Importer(815301076,1909f56bfc062723c751e8b465ee728b)  -> (artifact id: '38199c93b113f4d31426e6d559044979') in 0.014379 seconds 
========================================================================
Received Import Request.
  Time since last request: 53.763007 seconds.
  path: Assets/Tree 1.prefab
  artifactKey: Guid(8870aa29a5d832645bbe41b36147609d) Importer(815301076,1909f56bfc062723c751e8b465ee728b)
Start importing Assets/Tree 1.prefab using Guid(8870aa29a5d832645bbe41b36147609d) Importer(815301076,1909f56bfc062723c751e8b465ee728b)  -> (artifact id: '59fd8a931f464b600551ac96165b4035') in 0.139744 seconds 
========================================================================
Received Prepare
Registering precompiled user dll's ...
Registered in 0.006068 seconds.
Begin MonoManager ReloadAssembly
Native extension for WindowsStandalone target not found
Refreshing native plugins compatible for Editor in 0.32 ms, found 2 plugins.
Preloading 0 native plugins for Editor in 0.00 ms.
Mono: successfully reloaded assembly
- Completed reload, in  1.044 seconds
Domain Reload Profiling:
	ReloadAssembly (1045ms)
		BeginReloadAssembly (128ms)
			ExecutionOrderSort (0ms)
			DisableScriptedObjects (5ms)
			BackupInstance (0ms)
			ReleaseScriptingObjects (0ms)
			CreateAndSetChildDomain (37ms)
		EndReloadAssembly (842ms)
			LoadAssemblies (107ms)
			RebuildTransferFunctionScriptingTraits (0ms)
			SetupTypeCache (299ms)
			ReleaseScriptCaches (1ms)
			RebuildScriptCaches (45ms)
			SetupLoadedEditorAssemblies (314ms)
				LogAssemblyErrors (0ms)
				InitializePlatformSupportModulesInManaged (5ms)
				SetLoadedEditorAssemblies (0ms)
				RefreshPlugins (0ms)
				BeforeProcessingInitializeOnLoad (78ms)
				ProcessInitializeOnLoadAttributes (210ms)
				ProcessInitializeOnLoadMethodAttributes (14ms)
				AfterProcessingInitializeOnLoad (6ms)
				EditorAssembliesLoaded (0ms)
			ExecutionOrderSort2 (0ms)
			AwakeInstancesAfterBackupRestoration (2ms)
Platform modules already initialized, skipping
Refreshing native plugins compatible for Editor in 0.73 ms, found 2 plugins.
Preloading 0 native plugins for Editor in 0.00 ms.
Unloading 1486 Unused Serialized files (Serialized files now loaded: 0)
System memory in use before: 74.4 MB.
System memory in use after: 74.5 MB.

Unloading 12 unused Assets to reduce memory usage. Loaded Objects now: 1998.
Total: 5.212300 ms (FindLiveObjects: 0.190300 ms CreateObjectMapping: 0.139600 ms MarkObjects: 4.804000 ms  DeleteObjects: 0.076500 ms)

AssetImportParameters requested are different than current active one (requested -> active):
  custom:framework-win-MediaFoundation: 216162199b28c13a410421893ffa2e32 -> 
  custom:video-decoder-ogg-theora: a1e56fd34408186e4bbccfd4996cb3dc -> 
  custom:container-muxer-webm: aa71ff27fc2769a1b78a27578f13a17b -> 
  custom:container-demuxer-webm: 4f35f7cbe854078d1ac9338744f61a02 -> 
  custom:container-demuxer-ogg: 62fdf1f143b41e24485cea50d1cbac27 -> 
  custom:video-encoder-webm-vp8: eb34c28f22e8b96e1ab97ce403110664 -> 
  custom:video-decoder-webm-vp8: 9c59270c3fd7afecdb556c50c9e8de78 -> 
  custom:audio-decoder-ogg-vorbis: bf7c407c2cedff20999df2af8eb42d56 -> 
  custom:audio-encoder-webm-vorbis: bf7c407c2cedff20999df2af8eb42d56 -> 
========================================================================
Received Import Request.
  Time since last request: 34.818818 seconds.
  path: Assets/Tree 1.prefab
  artifactKey: Guid(8870aa29a5d832645bbe41b36147609d) Importer(815301076,1909f56bfc062723c751e8b465ee728b)
Start importing Assets/Tree 1.prefab using Guid(8870aa29a5d832645bbe41b36147609d) Importer(815301076,1909f56bfc062723c751e8b465ee728b)  -> (artifact id: 'e9a19870a600120006eebefb6f9ef3f6') in 0.150778 seconds 
========================================================================
Received Import Request.
  Time since last request: 2.251514 seconds.
  path: Assets/Tree 1.prefab
  artifactKey: Guid(8870aa29a5d832645bbe41b36147609d) Importer(815301076,1909f56bfc062723c751e8b465ee728b)
Start importing Assets/Tree 1.prefab using Guid(8870aa29a5d832645bbe41b36147609d) Importer(815301076,1909f56bfc062723c751e8b465ee728b)  -> (artifact id: '1fcf60a07a7c59b7dc80e7b1e7783199') in 0.057314 seconds 
========================================================================
Received Import Request.
  Time since last request: 2.835066 seconds.
  path: Assets/Tree 1.prefab
  artifactKey: Guid(8870aa29a5d832645bbe41b36147609d) Importer(815301076,1909f56bfc062723c751e8b465ee728b)
Start importing Assets/Tree 1.prefab using Guid(8870aa29a5d832645bbe41b36147609d) Importer(815301076,1909f56bfc062723c751e8b465ee728b)  -> (artifact id: '33b3afbc3305611477bbe86b584af2d5') in 0.038994 seconds 
========================================================================
Received Import Request.
  Time since last request: 11.892407 seconds.
  path: Assets/Tree 1.prefab
  artifactKey: Guid(8870aa29a5d832645bbe41b36147609d) Importer(815301076,1909f56bfc062723c751e8b465ee728b)
Start importing Assets/Tree 1.prefab using Guid(8870aa29a5d832645bbe41b36147609d) Importer(815301076,1909f56bfc062723c751e8b465ee728b)  -> (artifact id: '4fc6e1f3c4a4ccf44cd9e40071e902b5') in 0.036419 seconds 
========================================================================
Received Import Request.
  Time since last request: 47.157456 seconds.
  path: Assets/Tree 1.prefab
  artifactKey: Guid(8870aa29a5d832645bbe41b36147609d) Importer(815301076,1909f56bfc062723c751e8b465ee728b)
Start importing Assets/Tree 1.prefab using Guid(8870aa29a5d832645bbe41b36147609d) Importer(815301076,1909f56bfc062723c751e8b465ee728b)  -> (artifact id: '44d6c639e27f036c68b8fd7d8356d32b') in 0.045586 seconds 
========================================================================
Received Import Request.
  Time since last request: 3.130234 seconds.
  path: Assets/Tree 1.prefab
  artifactKey: Guid(8870aa29a5d832645bbe41b36147609d) Importer(815301076,1909f56bfc062723c751e8b465ee728b)
Start importing Assets/Tree 1.prefab using Guid(8870aa29a5d832645bbe41b36147609d) Importer(815301076,1909f56bfc062723c751e8b465ee728b)  -> (artifact id: '81ca2ad30d224cb82c98ecf108d5191f') in 0.036610 seconds 
========================================================================
Received Import Request.
  Time since last request: 10.698319 seconds.
  path: Assets/Tree 1_Textures/diffuse.png
  artifactKey: Guid(b5f5c1d45988000488b3ba427f1d4426) Importer(815301076,1909f56bfc062723c751e8b465ee728b)
Start importing Assets/Tree 1_Textures/diffuse.png using Guid(b5f5c1d45988000488b3ba427f1d4426) Importer(815301076,1909f56bfc062723c751e8b465ee728b)  -> (artifact id: 'e283c496eedc032c3d28b6c004cddbc2') in 0.039641 seconds 
========================================================================
Received Import Request.
  Time since last request: 0.000293 seconds.
  path: Assets/Tree 1_Textures/shadow.png
  artifactKey: Guid(49af2f7d9389f244293be0f4ef5ea8e1) Importer(815301076,1909f56bfc062723c751e8b465ee728b)
Start importing Assets/Tree 1_Textures/shadow.png using Guid(49af2f7d9389f244293be0f4ef5ea8e1) Importer(815301076,1909f56bfc062723c751e8b465ee728b)  -> (artifact id: 'cc4b2dbb3b07377732c129729bf5d4ec') in 0.018776 seconds 
========================================================================
Received Import Request.
  Time since last request: 0.000343 seconds.
  path: Assets/Tree 1_Textures/normal_specular.png
  artifactKey: Guid(26de1095845d34d43b60c55b3c1d29c4) Importer(815301076,1909f56bfc062723c751e8b465ee728b)
Start importing Assets/Tree 1_Textures/normal_specular.png using Guid(26de1095845d34d43b60c55b3c1d29c4) Importer(815301076,1909f56bfc062723c751e8b465ee728b)  -> (artifact id: 'b9e312a5b850eb3e0862ca3c8b206e04') in 0.019406 seconds 
========================================================================
Received Import Request.
  Time since last request: 0.000320 seconds.
  path: Assets/Tree 1_Textures/translucency_gloss.png
  artifactKey: Guid(588ef81d15a05204a947c2a623265c0a) Importer(815301076,1909f56bfc062723c751e8b465ee728b)
Start importing Assets/Tree 1_Textures/translucency_gloss.png using Guid(588ef81d15a05204a947c2a623265c0a) Importer(815301076,1909f56bfc062723c751e8b465ee728b)  -> (artifact id: 'f93eb67a2dfdbb1a4c9f5d6eb8b62b08') in 0.021754 seconds 
========================================================================
Received Import Request.
  Time since last request: 142.469998 seconds.
  path: Assets/Materials/BearBrown.mat
  artifactKey: Guid(c6651610da7a0de4098fde170a3e3fdd) Importer(815301076,1909f56bfc062723c751e8b465ee728b)
Start importing Assets/Materials/BearBrown.mat using Guid(c6651610da7a0de4098fde170a3e3fdd) Importer(815301076,1909f56bfc062723c751e8b465ee728b)  -> (artifact id: '9931774c736e905b3a20d891f0a0c99d') in 0.152590 seconds 
========================================================================
Received Import Request.
  Time since last request: 0.000400 seconds.
  path: Assets/Materials/GroundBrown.mat
  artifactKey: Guid(19235bbf5da9d744591621c2d020664e) Importer(815301076,1909f56bfc062723c751e8b465ee728b)
Start importing Assets/Materials/GroundBrown.mat using Guid(19235bbf5da9d744591621c2d020664e) Importer(815301076,1909f56bfc062723c751e8b465ee728b)  -> (artifact id: '8cf3116a3ed8bf61f265e3b07508fd6e') in 0.026755 seconds 
========================================================================
Received Import Request.
  Time since last request: 0.000364 seconds.
  path: Assets/Materials/CarrotOrange.mat
  artifactKey: Guid(1288277299752c84faa7024afd3078cf) Importer(815301076,1909f56bfc062723c751e8b465ee728b)
Start importing Assets/Materials/CarrotOrange.mat using Guid(1288277299752c84faa7024afd3078cf) Importer(815301076,1909f56bfc062723c751e8b465ee728b)  -> (artifact id: 'd51dc07f4edbd8e5338f67a384d3767e') in 0.325021 seconds 
========================================================================
Received Import Request.
  Time since last request: 0.000216 seconds.
  path: Assets/Materials/WaspYellow.mat
  artifactKey: Guid(ea5371f281113094a8ef234465748199) Importer(815301076,1909f56bfc062723c751e8b465ee728b)
Start importing Assets/Materials/WaspYellow.mat using Guid(ea5371f281113094a8ef234465748199) Importer(815301076,1909f56bfc062723c751e8b465ee728b)  -> (artifact id: '69ad9f14e127fd693eee4255e2ced347') in 0.019924 seconds 
========================================================================
Received Import Request.
  Time since last request: 0.000252 seconds.
  path: Assets/Materials/White.mat
  artifactKey: Guid(609be32951bc42a4aa90407a2c403897) Importer(815301076,1909f56bfc062723c751e8b465ee728b)
Start importing Assets/Materials/White.mat using Guid(609be32951bc42a4aa90407a2c403897) Importer(815301076,1909f56bfc062723c751e8b465ee728b)  -> (artifact id: '19279cc11f9d933aaa3b568779ec0511') in 0.116963 seconds 
========================================================================
Received Import Request.
  Time since last request: 0.000229 seconds.
  path: Assets/Materials/LilyPadGreen.mat
  artifactKey: Guid(e6a86fd9e9f16d342a184d90a870a8ab) Importer(815301076,1909f56bfc062723c751e8b465ee728b)
Start importing Assets/Materials/LilyPadGreen.mat using Guid(e6a86fd9e9f16d342a184d90a870a8ab) Importer(815301076,1909f56bfc062723c751e8b465ee728b)  -> (artifact id: '06a29eb036fc69dddcd36a2e2e826c00') in 0.021130 seconds 
========================================================================
Received Import Request.
  Time since last request: 0.309667 seconds.
  path: Assets/Materials
  artifactKey: Guid(517b2c35f8f9cbd408205ff2b0f7f35d) Importer(815301076,1909f56bfc062723c751e8b465ee728b)
Start importing Assets/Materials using Guid(517b2c35f8f9cbd408205ff2b0f7f35d) Importer(815301076,1909f56bfc062723c751e8b465ee728b)  -> (artifact id: 'b1af007f1f8486e3a9c912db3f1da072') in 0.010929 seconds 
========================================================================
Received Import Request.
  Time since last request: 9.969373 seconds.
  path: Assets/Materials/New Flare.flare
  artifactKey: Guid(08220dfb70b593a42af01117dac4395e) Importer(815301076,1909f56bfc062723c751e8b465ee728b)
Start importing Assets/Materials/New Flare.flare using Guid(08220dfb70b593a42af01117dac4395e) Importer(815301076,1909f56bfc062723c751e8b465ee728b)  -> (artifact id: 'f3864514876f330b080c7e177ab89315') in 0.019133 seconds 
========================================================================
Received Import Request.
  Time since last request: 9.400765 seconds.
  path: Assets/Materials/New Material.mat
  artifactKey: Guid(672fe127119b8014f85cd9b5dac8a21c) Importer(815301076,1909f56bfc062723c751e8b465ee728b)
Start importing Assets/Materials/New Material.mat using Guid(672fe127119b8014f85cd9b5dac8a21c) Importer(815301076,1909f56bfc062723c751e8b465ee728b)  -> (artifact id: 'd3fd72ba2d7bcbfefb19ba13d859d330') in 0.021547 seconds 
========================================================================
Received Import Request.
  Time since last request: 55.142784 seconds.
  path: Assets/Materials/New Material.mat
  artifactKey: Guid(672fe127119b8014f85cd9b5dac8a21c) Importer(815301076,1909f56bfc062723c751e8b465ee728b)
Start importing Assets/Materials/New Material.mat using Guid(672fe127119b8014f85cd9b5dac8a21c) Importer(815301076,1909f56bfc062723c751e8b465ee728b)  -> (artifact id: '95885ddaf6e01d29893e130ea6b1d36c') in 0.035651 seconds 
AssetImportWorkerClient::OnTransportError - code=2 error=End of file
